[0m10:33:35.659160 [debug] [MainThread]: Sending event: {'category': 'dbt', 'action': 'invocation', 'label': 'start', 'context': [<snowplow_tracker.self_describing_json.SelfDescribingJson object at 0x0000020883461250>, <snowplow_tracker.self_describing_json.SelfDescribingJson object at 0x0000020883460530>, <snowplow_tracker.self_describing_json.SelfDescribingJson object at 0x00000208834604A0>]}


============================== 10:33:35.669188 | ae72b1a1-fcc9-4fef-8f9a-2d3dec4352d8 ==============================
[0m10:33:35.669188 [info ] [MainThread]: Running with dbt=1.9.4
[0m10:33:35.671001 [debug] [MainThread]: running dbt with arguments {'printer_width': '80', 'indirect_selection': 'eager', 'write_json': 'True', 'log_cache_events': 'False', 'partial_parse': 'True', 'cache_selected_only': 'False', 'warn_error': 'None', 'version_check': 'True', 'debug': 'False', 'log_path': 'logs', 'profiles_dir': 'C:\\Users\\bruno.araujo\\.dbt', 'fail_fast': 'False', 'use_colors': 'True', 'use_experimental_parser': 'False', 'no_print': 'None', 'quiet': 'False', 'empty': 'None', 'warn_error_options': 'WarnErrorOptions(include=[], exclude=[])', 'invocation_command': 'dbt ', 'static_parser': 'True', 'log_format': 'default', 'target_path': 'None', 'introspect': 'True', 'send_anonymous_usage_stats': 'True'}
[0m10:33:35.671565 [error] [MainThread]: Encountered an error:
Runtime Error
  No dbt_project.yml found at expected path c:\projetos\getting-started-with-dbt-on-snowflake\tasty_bytes_dbt_demo\dbt_packages\dbt-utils-1.3.0\integration_tests\dbt_project.yml
  Verify that each entry within packages.yml (and their transitive dependencies) contains a file named dbt_project.yml
  
[0m10:33:35.671565 [debug] [MainThread]: Command `cli deps` failed at 10:33:35.671565 after 0.18 seconds
[0m10:33:35.671565 [debug] [MainThread]: Sending event: {'category': 'dbt', 'action': 'invocation', 'label': 'end', 'context': [<snowplow_tracker.self_describing_json.SelfDescribingJson object at 0x00000208837E2210>, <snowplow_tracker.self_describing_json.SelfDescribingJson object at 0x0000020883725160>, <snowplow_tracker.self_describing_json.SelfDescribingJson object at 0x0000020883683050>]}
[0m10:33:35.671565 [debug] [MainThread]: Flushing usage events
[0m10:33:36.271344 [debug] [MainThread]: An error was encountered while trying to flush usage events
[0m10:33:36.811103 [debug] [MainThread]: Sending event: {'category': 'dbt', 'action': 'invocation', 'label': 'start', 'context': [<snowplow_tracker.self_describing_json.SelfDescribingJson object at 0x000001C0DA562870>, <snowplow_tracker.self_describing_json.SelfDescribingJson object at 0x000001C0DA563320>, <snowplow_tracker.self_describing_json.SelfDescribingJson object at 0x000001C0D7EE7FB0>]}


============================== 10:33:36.816104 | d1029eb0-0c8d-4899-9d04-62c9c7b9f9c4 ==============================
[0m10:33:36.816104 [info ] [MainThread]: Running with dbt=1.9.4
[0m10:33:36.817106 [debug] [MainThread]: running dbt with arguments {'printer_width': '80', 'indirect_selection': 'eager', 'write_json': 'True', 'log_cache_events': 'False', 'partial_parse': 'True', 'cache_selected_only': 'False', 'warn_error': 'None', 'version_check': 'True', 'debug': 'False', 'log_path': 'logs', 'profiles_dir': 'C:\\Users\\bruno.araujo\\.dbt', 'fail_fast': 'False', 'use_colors': 'True', 'use_experimental_parser': 'False', 'no_print': 'None', 'quiet': 'False', 'empty': 'None', 'warn_error_options': 'WarnErrorOptions(include=[], exclude=[])', 'introspect': 'True', 'static_parser': 'True', 'invocation_command': 'dbt ', 'target_path': 'None', 'log_format': 'default', 'send_anonymous_usage_stats': 'True'}
[0m10:33:36.818103 [error] [MainThread]: Encountered an error:
Runtime Error
  No dbt_project.yml found at expected path c:\projetos\getting-started-with-dbt-on-snowflake\tasty_bytes_dbt_demo\dbt_packages\dbt-utils-1.3.0\integration_tests\dbt_project.yml
  Verify that each entry within packages.yml (and their transitive dependencies) contains a file named dbt_project.yml
  
[0m10:33:36.819108 [debug] [MainThread]: Command `cli deps` failed at 10:33:36.819108 after 0.19 seconds
[0m10:33:36.820105 [debug] [MainThread]: Sending event: {'category': 'dbt', 'action': 'invocation', 'label': 'end', 'context': [<snowplow_tracker.self_describing_json.SelfDescribingJson object at 0x000001C0DA8E0740>, <snowplow_tracker.self_describing_json.SelfDescribingJson object at 0x000001C0D7EE4C80>, <snowplow_tracker.self_describing_json.SelfDescribingJson object at 0x000001C0D7EE6CF0>]}
[0m10:33:36.820840 [debug] [MainThread]: Flushing usage events
[0m10:33:37.402928 [debug] [MainThread]: An error was encountered while trying to flush usage events
